<?xml version="1.0" encoding="utf-8"?><testsuites><testsuite name="pytest" errors="0" failures="0" skipped="0" tests="33" time="4.602" timestamp="2024-10-22T08:20:39.704383+08:00" hostname="Diegos-MacBook-Pro.local"><testcase classname="tests.auth.routes.test_sign_in" name="test_sign_in_user_should_return_200_and_access_token" time="0.004" /><testcase classname="tests.auth.routes.test_sign_in" name="test_sign_in_user_incorrect_email" time="0.002" /><testcase classname="tests.auth.routes.test_sign_in" name="test_sign_in_user_incorrect_password" time="0.001" /><testcase classname="tests.auth.routes.test_sign_up" name="test_sign_up_should_return_200_and_access_token" time="0.016" /><testcase classname="tests.auth.routes.test_sign_up" name="test_sign_up_should_raise_exception" time="0.005" /><testcase classname="tests.auth.service.test_sign_in_user" name="test_sign_in_user_success" time="0.001" /><testcase classname="tests.auth.service.test_sign_in_user" name="test_sign_in_user_email_not_registered" time="0.001" /><testcase classname="tests.auth.service.test_sign_in_user" name="test_sign_in_user_password_incorrect" time="0.002" /><testcase classname="tests.auth.service.test_sign_up_user" name="test_sign_up_user_should_return_auth_base" time="0.001" /><testcase classname="tests.auth.service.test_sign_up_user" name="test_sign_up_user_email_already_registered" time="0.001" /><testcase classname="tests.core.guards.test_get_current_user" name="test_get_current_user_success" time="0.002" /><testcase classname="tests.core.guards.test_get_current_user" name="test_get_current_user_invalid_token" time="0.001" /><testcase classname="tests.core.guards.test_get_current_user" name="test_get_current_user_user_not_found" time="0.001" /><testcase classname="tests.core.guards.test_get_current_user" name="test_get_current_user_no_user_id" time="0.001" /><testcase classname="tests.core.security.test_create_access_token" name="test_create_access_token_with_default_expiry" time="0.007" /><testcase classname="tests.core.security.test_create_access_token" name="test_create_access_token_with_custom_expiry" time="0.001" /><testcase classname="tests.core.security.test_create_access_token" name="test_create_access_token_with_empty_data" time="0.001" /><testcase classname="tests.core.security.test_get_password_hash" name="test_get_password_hash" time="0.234" /><testcase classname="tests.core.security.test_get_password_hash" name="test_get_password_hash_consistency" time="0.464" /><testcase classname="tests.core.security.test_verify_password" name="test_verify_password_correct" time="0.465" /><testcase classname="tests.core.security.test_verify_password" name="test_verify_password_incorrect" time="0.465" /><testcase classname="tests.core.security.test_verify_password" name="test_verify_password_empty" time="0.465" /><testcase classname="tests.users.crud.test_create_user" name="test_create_user_should_return_user" time="0.469" /><testcase classname="tests.users.crud.test_create_user" name="test_create_user_should_raise_exception_when_user_not_created" time="0.234" /><testcase classname="tests.users.crud.test_delete_user" name="test_delete_user_should_return_user" time="0.002" /><testcase classname="tests.users.crud.test_delete_user" name="test_delete_user_should_raise_exception_when_user_not_deleted" time="0.002" /><testcase classname="tests.users.crud.test_get_user_by_id" name="test_get_user_by_id_should_return_user_when_user_exists" time="0.003" /><testcase classname="tests.users.crud.test_get_user_by_id" name="test_get_user_by_id_should_return_none_when_user_does_not_exist" time="0.002" /><testcase classname="tests.users.crud.test_get_user_by_id" name="test_get_user_by_id_should_raise_exception_when_exception_occurs" time="0.002" /><testcase classname="tests.users.crud.test_update_user" name="test_update_user_should_return_user" time="0.003" /><testcase classname="tests.users.crud.test_update_user" name="test_update_user_should_raise_exception_when_user_not_updated" time="0.002" /><testcase classname="tests.users.routes.test_read_current_user" name="test_read_current_user_success" time="0.006" /><testcase classname="tests.users.routes.test_read_current_user" name="test_read_current_user_unauthorized" time="0.004" /></testsuite></testsuites>